[2022-12-17 06:00:27,494: INFO: stage_01_get_data]: 
********************
[2022-12-17 06:00:27,494: INFO: stage_01_get_data]: >>>>> stage STAGE_01 get data started <<<<<
[2022-12-17 06:00:27,503: INFO: common]: yaml file: configs/config.yaml loaded successfully
[2022-12-17 06:00:27,503: INFO: stage_01_get_data]: >>>>> stage STAGE_01 get data completed!<<<<<

[2022-12-17 06:00:47,577: INFO: stage_01_get_data]: 
********************
[2022-12-17 06:00:47,577: INFO: stage_01_get_data]: >>>>> stage STAGE_01 get data started <<<<<
[2022-12-17 06:00:47,579: INFO: common]: yaml file: configs/config.yaml loaded successfully
[2022-12-17 06:00:47,581: INFO: stage_01_get_data]: >>>>> stage STAGE_01 get data completed!<<<<<

[2022-12-17 06:13:43,838: INFO: stage_01_get_data]: 
********************
[2022-12-17 06:13:43,838: INFO: stage_01_get_data]: >>>>> stage STAGE_01 get data started <<<<<
[2022-12-17 06:13:43,841: INFO: common]: yaml file: configs/config.yaml loaded successfully
[2022-12-17 06:13:43,841: INFO: stage_01_get_data]: >>>>> stage STAGE_01 get data completed!<<<<<

[2022-12-17 06:18:57,970: INFO: stage_01_get_data]: 
********************
[2022-12-17 06:18:57,971: INFO: stage_01_get_data]: >>>>> stage STAGE_01 get data started <<<<<
[2022-12-17 06:18:57,973: INFO: common]: yaml file: configs/config.yaml loaded successfully
[2022-12-17 06:18:57,974: ERROR: stage_01_get_data]: 'souce_data'
Traceback (most recent call last):
  File "src\stage_01_get_data.py", line 35, in <module>
    main(config_path=parsed_args.config)
  File "src\stage_01_get_data.py", line 20, in main
    source_data=config["souce_data"]
KeyError: 'souce_data'
[2022-12-17 06:20:20,370: INFO: stage_01_get_data]: 
********************
[2022-12-17 06:20:20,370: INFO: stage_01_get_data]: >>>>> stage STAGE_01 get data started <<<<<
[2022-12-17 06:20:20,373: INFO: common]: yaml file: configs/config.yaml loaded successfully
[2022-12-17 06:20:20,373: INFO: common]: created directory at: dir
[2022-12-17 06:20:20,373: INFO: stage_01_get_data]: >>>>> stage STAGE_01 get data completed!<<<<<

[2022-12-17 06:21:34,344: INFO: stage_01_get_data]: 
********************
[2022-12-17 06:21:34,345: INFO: stage_01_get_data]: >>>>> stage STAGE_01 get data started <<<<<
[2022-12-17 06:21:34,347: INFO: common]: yaml file: configs/config.yaml loaded successfully
[2022-12-17 06:21:34,347: INFO: common]: created directory at: data
[2022-12-17 06:21:34,348: INFO: stage_01_get_data]: >>>>> stage STAGE_01 get data completed!<<<<<

[2022-12-17 06:27:34,529: INFO: stage_01_get_data]: 
********************
[2022-12-17 06:27:34,529: INFO: stage_01_get_data]: >>>>> stage STAGE_01 get data started <<<<<
[2022-12-17 06:27:34,531: INFO: common]: yaml file: configs/config.yaml loaded successfully
[2022-12-17 06:27:34,532: INFO: common]: created directory at: data
[2022-12-17 06:27:34,532: INFO: stage_01_get_data]: >>>>> stage STAGE_01 get data completed!<<<<<

[2022-12-17 06:33:02,696: INFO: stage_01_get_data]: 
********************
[2022-12-17 06:33:02,696: INFO: stage_01_get_data]: >>>>> stage STAGE_01 get data started <<<<<
[2022-12-17 06:33:02,699: INFO: common]: yaml file: configs/config.yaml loaded successfully
[2022-12-17 06:33:02,699: INFO: common]: created directory at: data
[2022-12-17 06:33:02,699: INFO: stage_01_get_data]: Download started
[2022-12-17 06:33:02,699: INFO: stage_01_get_data]: Download completed
[2022-12-17 06:33:02,699: INFO: stage_01_get_data]: >>>>> stage STAGE_01 get data completed!<<<<<

[2022-12-17 06:36:12,888: INFO: stage_01_get_data]: 
********************
[2022-12-17 06:36:12,888: INFO: stage_01_get_data]: >>>>> stage STAGE_01 get data started <<<<<
[2022-12-17 06:36:12,890: INFO: common]: yaml file: configs/config.yaml loaded successfully
[2022-12-17 06:36:12,891: INFO: common]: created directory at: data
[2022-12-17 06:36:12,891: INFO: stage_01_get_data]: Download started
[2022-12-17 06:36:12,891: INFO: stage_01_get_data]: Download completed
[2022-12-17 06:36:12,891: INFO: stage_01_get_data]: Download file is present at:E:\Kaggle\Dataset\data
[2022-12-17 06:36:12,891: INFO: stage_01_get_data]: >>>>> stage STAGE_01 get data completed!<<<<<

[2022-12-17 06:39:37,828: INFO: stage_01_get_data]: 
********************
[2022-12-17 06:39:37,828: INFO: stage_01_get_data]: >>>>> stage STAGE_01 get data started <<<<<
[2022-12-17 06:39:37,832: INFO: common]: yaml file: configs/config.yaml loaded successfully
[2022-12-17 06:39:37,832: INFO: common]: created directory at: data
[2022-12-17 06:39:37,832: INFO: stage_01_get_data]: Download started
[2022-12-17 06:39:37,832: INFO: stage_01_get_data]: Download completed
[2022-12-17 06:39:37,832: INFO: stage_01_get_data]: Download file is present at:data
[2022-12-17 06:39:37,832: INFO: stage_01_get_data]: >>>>> stage STAGE_01 get data completed!<<<<<

[2022-12-17 06:41:33,931: INFO: stage_01_get_data]: 
********************
[2022-12-17 06:41:33,932: INFO: stage_01_get_data]: >>>>> stage STAGE_01 get data started <<<<<
[2022-12-17 06:41:33,934: INFO: common]: yaml file: configs/config.yaml loaded successfully
[2022-12-17 06:41:33,934: INFO: common]: created directory at: data
[2022-12-17 06:41:33,934: INFO: stage_01_get_data]: Download started
[2022-12-17 06:41:33,934: INFO: stage_01_get_data]: Download completed
[2022-12-17 06:41:33,934: INFO: stage_01_get_data]: Download file is present at:('data', 'data\\data.csv')
[2022-12-17 06:41:33,935: INFO: stage_01_get_data]: >>>>> stage STAGE_01 get data completed!<<<<<

[2022-12-17 06:43:08,941: INFO: stage_01_get_data]: 
********************
[2022-12-17 06:43:08,942: INFO: stage_01_get_data]: >>>>> stage STAGE_01 get data started <<<<<
[2022-12-17 06:43:08,947: INFO: common]: yaml file: configs/config.yaml loaded successfully
[2022-12-17 06:43:08,948: INFO: common]: created directory at: data
[2022-12-17 06:43:08,948: INFO: stage_01_get_data]: Download started
[2022-12-17 06:43:08,948: INFO: stage_01_get_data]: Download completed
[2022-12-17 06:43:08,948: INFO: stage_01_get_data]: Download file is present at:('E:\\Kaggle\\Dataset\\data.csv', 'data\\data.csv')
[2022-12-17 06:43:08,948: INFO: stage_01_get_data]: >>>>> stage STAGE_01 get data completed!<<<<<

[2022-12-17 06:53:34,076: INFO: stage_01_get_data]: 
********************
[2022-12-17 06:53:34,077: INFO: stage_01_get_data]: >>>>> stage STAGE_01 get data started <<<<<
[2022-12-17 06:53:34,079: INFO: common]: yaml file: configs/config.yaml loaded successfully
[2022-12-17 06:53:34,080: INFO: common]: created directory at: data
[2022-12-17 06:53:34,080: INFO: stage_01_get_data]: Download started
[2022-12-17 06:53:34,535: INFO: stage_01_get_data]: Download completed
[2022-12-17 06:53:34,536: INFO: stage_01_get_data]: Download file is present at:data\GlobalTemperatures.csv
[2022-12-17 06:53:34,536: INFO: stage_01_get_data]: >>>>> stage STAGE_01 get data completed!<<<<<

[2022-12-17 07:00:15,485: INFO: stage_01_get_data]: 
********************
[2022-12-17 07:00:15,485: INFO: stage_01_get_data]: >>>>> stage STAGE_01 get data started <<<<<
[2022-12-17 07:00:15,488: INFO: common]: yaml file: configs/config.yaml loaded successfully
[2022-12-17 07:00:15,488: INFO: common]: created directory at: data
[2022-12-17 07:00:15,489: INFO: stage_01_get_data]: Download started
[2022-12-17 07:00:15,490: ERROR: stage_01_get_data]: unknown url type: 'od.download(source_data)'
Traceback (most recent call last):
  File "src\stage_01_get_data.py", line 44, in <module>
    main(config_path=parsed_args.config)
  File "src\stage_01_get_data.py", line 31, in main
    filename,headers= req.urlretrieve(source_data, local_data_file_path)
  File "E:\End to End ML Project\dvc\venv3.7\lib\urllib\request.py", line 247, in urlretrieve
    with contextlib.closing(urlopen(url, data)) as fp:
  File "E:\End to End ML Project\dvc\venv3.7\lib\urllib\request.py", line 222, in urlopen
    return opener.open(url, data, timeout)
  File "E:\End to End ML Project\dvc\venv3.7\lib\urllib\request.py", line 510, in open
    req = Request(fullurl, data)
  File "E:\End to End ML Project\dvc\venv3.7\lib\urllib\request.py", line 328, in __init__
    self.full_url = url
  File "E:\End to End ML Project\dvc\venv3.7\lib\urllib\request.py", line 354, in full_url
    self._parse()
  File "E:\End to End ML Project\dvc\venv3.7\lib\urllib\request.py", line 383, in _parse
    raise ValueError("unknown url type: %r" % self.full_url)
ValueError: unknown url type: 'od.download(source_data)'
[2022-12-17 07:00:49,043: INFO: stage_01_get_data]: 
********************
[2022-12-17 07:00:49,043: INFO: stage_01_get_data]: >>>>> stage STAGE_01 get data started <<<<<
[2022-12-17 07:00:49,046: INFO: common]: yaml file: configs/config.yaml loaded successfully
[2022-12-17 07:00:49,046: INFO: common]: created directory at: data
[2022-12-17 07:00:49,046: INFO: stage_01_get_data]: Download started
[2022-12-17 07:00:49,047: ERROR: stage_01_get_data]: <urlopen error unknown url type: od.download('https>
Traceback (most recent call last):
  File "src\stage_01_get_data.py", line 44, in <module>
    main(config_path=parsed_args.config)
  File "src\stage_01_get_data.py", line 31, in main
    filename,headers= req.urlretrieve(source_data, local_data_file_path)
  File "E:\End to End ML Project\dvc\venv3.7\lib\urllib\request.py", line 247, in urlretrieve
    with contextlib.closing(urlopen(url, data)) as fp:
  File "E:\End to End ML Project\dvc\venv3.7\lib\urllib\request.py", line 222, in urlopen
    return opener.open(url, data, timeout)
  File "E:\End to End ML Project\dvc\venv3.7\lib\urllib\request.py", line 525, in open
    response = self._open(req, data)
  File "E:\End to End ML Project\dvc\venv3.7\lib\urllib\request.py", line 548, in _open
    'unknown_open', req)
  File "E:\End to End ML Project\dvc\venv3.7\lib\urllib\request.py", line 503, in _call_chain
    result = func(*args)
  File "E:\End to End ML Project\dvc\venv3.7\lib\urllib\request.py", line 1420, in unknown_open
    raise URLError('unknown url type: %s' % type)
urllib.error.URLError: <urlopen error unknown url type: od.download('https>
[2022-12-17 07:11:16,089: INFO: stage_01_get_data]: 
********************
[2022-12-17 07:11:16,089: INFO: stage_01_get_data]: >>>>> stage STAGE_01 get data started <<<<<
[2022-12-17 07:11:16,092: INFO: common]: yaml file: configs/config.yaml loaded successfully
[2022-12-17 07:11:16,092: INFO: common]: created directory at: data
[2022-12-17 07:11:16,092: INFO: stage_01_get_data]: Download started
[2022-12-17 07:11:16,972: INFO: stage_01_get_data]: Download completed
[2022-12-17 07:11:16,972: INFO: stage_01_get_data]: Download file is present at:data\GlobalTemperatures.csv
[2022-12-17 07:11:16,973: INFO: stage_01_get_data]: >>>>> stage STAGE_01 get data completed!<<<<<

[2022-12-17 07:11:30,552: INFO: stage_01_get_data]: 
********************
[2022-12-17 07:11:30,553: INFO: stage_01_get_data]: >>>>> stage STAGE_01 get data started <<<<<
[2022-12-17 07:11:30,555: INFO: common]: yaml file: configs/config.yaml loaded successfully
[2022-12-17 07:11:30,555: INFO: common]: created directory at: data
[2022-12-17 07:11:30,556: INFO: stage_01_get_data]: Download started
[2022-12-17 07:11:30,954: INFO: stage_01_get_data]: Download completed
[2022-12-17 07:11:30,955: INFO: stage_01_get_data]: Download file is present at:data\GlobalTemperatures.csv
[2022-12-17 07:11:30,955: INFO: stage_01_get_data]: >>>>> stage STAGE_01 get data completed!<<<<<

[2022-12-17 07:12:19,460: INFO: stage_01_get_data]: 
********************
[2022-12-17 07:12:19,461: INFO: stage_01_get_data]: >>>>> stage STAGE_01 get data started <<<<<
[2022-12-17 07:12:19,463: INFO: common]: yaml file: configs/config.yaml loaded successfully
[2022-12-17 07:12:19,463: INFO: common]: created directory at: data
[2022-12-17 07:12:19,463: INFO: stage_01_get_data]: Download started
[2022-12-17 07:12:20,232: INFO: stage_01_get_data]: Download completed
[2022-12-17 07:12:20,232: INFO: stage_01_get_data]: Download file is present at:data\data.csv
[2022-12-17 07:12:20,232: INFO: stage_01_get_data]: >>>>> stage STAGE_01 get data completed!<<<<<

[2022-12-17 07:17:48,872: INFO: stage_01_get_data]: 
********************
[2022-12-17 07:17:48,872: INFO: stage_01_get_data]: >>>>> stage STAGE_01 get data started <<<<<
[2022-12-17 07:17:48,874: INFO: common]: yaml file: configs/config.yaml loaded successfully
[2022-12-17 07:17:48,874: INFO: common]: created directory at: data
[2022-12-17 07:17:48,875: INFO: stage_01_get_data]: Download started
[2022-12-17 07:17:57,103: INFO: stage_01_get_data]: Download completed
[2022-12-17 07:17:57,103: INFO: stage_01_get_data]: Download file is present at:data\data.csv
[2022-12-17 07:17:57,103: INFO: stage_01_get_data]: >>>>> stage STAGE_01 get data completed!<<<<<

[2022-12-17 07:21:04,487: INFO: stage_01_get_data]: 
********************
[2022-12-17 07:21:04,487: INFO: stage_01_get_data]: >>>>> stage STAGE_01 get data started <<<<<
[2022-12-17 07:21:04,490: INFO: common]: yaml file: configs/config.yaml loaded successfully
[2022-12-17 07:21:04,490: INFO: common]: created directory at: data
[2022-12-17 07:21:04,490: INFO: stage_01_get_data]: Download started
[2022-12-17 07:21:11,894: INFO: stage_01_get_data]: Download completed
[2022-12-17 07:21:11,894: INFO: stage_01_get_data]: Download file is present at:data\data.csv
[2022-12-17 07:21:11,910: INFO: stage_01_get_data]: Download file is present at:Connection: close
Content-Length: 12679608
Cache-Control: max-age=300
Content-Security-Policy: default-src 'none'; style-src 'unsafe-inline'; sandbox
Content-Type: text/plain; charset=utf-8
ETag: "f32c4ed9b3e90962a58f5058517bd661809034bd2d70eadb4157814356d6c0b7"
Strict-Transport-Security: max-age=31536000
X-Content-Type-Options: nosniff
X-Frame-Options: deny
X-XSS-Protection: 1; mode=block
X-GitHub-Request-Id: 55D4:13CFE:7B3F02:85487B:639D6D1F
Accept-Ranges: bytes
Date: Sat, 17 Dec 2022 07:21:06 GMT
Via: 1.1 varnish
X-Served-By: cache-man4138-MAN
X-Cache: HIT
X-Cache-Hits: 0
X-Timer: S1671261667.844353,VS0,VE1
Vary: Authorization,Accept-Encoding,Origin
Access-Control-Allow-Origin: *
X-Fastly-Request-ID: 39c0759260821e2c1337796d159f188d9da34150
Expires: Sat, 17 Dec 2022 07:26:06 GMT
Source-Age: 195


[2022-12-17 07:21:11,911: INFO: stage_01_get_data]: >>>>> stage STAGE_01 get data completed!<<<<<

